2016-02-05 20:44:25 WARNING  warning: server set to listen 127.0.0.1:9000, are you sure?
2016-02-05 20:44:25 WARNING  warning: your timeout 1200 seems too long
2016-02-05 20:44:25 INFO     starting local at 127.0.0.1:1080
2016-02-05 20:44:25 ERROR    warning: fast open is not available
2016-02-05 20:45:16 INFO     connecting intellij-support.jetbrains.com:443
2016-02-05 20:45:16 ERROR    fast open not supported on this OS
2016-02-05 20:45:16 INFO     connecting intellij-support.jetbrains.com:443
2016-02-05 20:45:19 INFO     connecting p3.zdassets.com:443
2016-02-05 20:45:19 INFO     connecting p3.zdassets.com:443
2016-02-05 20:45:19 INFO     connecting p3.zdassets.com:443
2016-02-05 20:45:19 INFO     connecting cdn.rawgit.com:443
2016-02-05 20:45:19 INFO     connecting p3.zdassets.com:443
2016-02-05 20:45:19 INFO     connecting secure.gravatar.com:443
2016-02-05 20:45:19 INFO     connecting secure.gravatar.com:443
2016-02-05 20:45:19 INFO     connecting secure.gravatar.com:443
2016-02-05 20:45:19 INFO     connecting secure.gravatar.com:443
2016-02-05 20:45:19 INFO     connecting secure.gravatar.com:443
2016-02-05 20:45:19 INFO     connecting secure.gravatar.com:443
2016-02-05 20:45:19 INFO     connecting p3.zdassets.com:443
2016-02-05 20:45:19 INFO     connecting p3.zdassets.com:443
2016-02-05 20:45:19 INFO     connecting jbs.zendesk.com:443
2016-02-05 20:45:19 INFO     connecting www.jetbrains.com:443
2016-02-05 20:45:19 INFO     connecting www.jetbrains.com:443
2016-02-05 20:45:19 INFO     connecting www.jetbrains.com:443
2016-02-05 20:45:19 INFO     connecting i1.wp.com:443
2016-02-05 20:45:19 INFO     connecting i1.wp.com:443
2016-02-05 20:45:19 INFO     connecting i1.wp.com:443
2016-02-05 20:45:19 INFO     connecting i1.wp.com:443
2016-02-05 20:45:19 INFO     connecting i1.wp.com:443
2016-02-05 20:45:20 INFO     connecting sp1.baidu.com:443
2016-02-05 20:45:20 INFO     connecting cloud.typography.com:443
2016-02-05 20:45:21 INFO     connecting resources.jetbrains.com:443
2016-02-05 20:45:23 INFO     connecting cdn.rawgit.com:443
2016-02-05 20:45:23 INFO     connecting www.googletagmanager.com:443
2016-02-05 20:45:24 INFO     connecting intellij-support.jetbrains.com:443
2016-02-05 20:45:24 INFO     connecting intellij-support.jetbrains.com:443
2016-02-05 20:45:24 INFO     connecting p3.zdassets.com:443
2016-02-05 20:45:24 INFO     connecting www.google-analytics.com:443
2016-02-05 20:45:24 INFO     connecting platform.twitter.com:443
2016-02-05 20:45:25 INFO     connecting munchkin.marketo.net:443
2016-02-05 20:45:25 INFO     connecting analytics.twitter.com:443
2016-02-05 20:45:25 INFO     connecting t.co:443
2016-02-05 20:45:25 INFO     connecting stats.g.doubleclick.net:443
2016-02-05 20:45:26 INFO     connecting 426-qvd-114.mktoresp.com:443
2016-02-05 20:45:33 INFO     connecting cloud.typography.com:443
2016-02-05 20:45:42 INFO     connecting www.google.com:443
2016-02-05 20:45:43 INFO     connecting www.google.com:443
2016-02-05 20:45:43 INFO     connecting www.google.com:443
2016-02-05 20:45:43 INFO     connecting www.google.com:443
2016-02-05 20:45:49 INFO     connecting www.google.com:443
2016-02-05 20:45:50 INFO     connecting id.google.com:443
2016-02-05 20:45:51 INFO     connecting plus.google.com:443
2016-02-05 20:45:51 INFO     connecting clients5.google.com:443
2016-02-05 20:45:57 INFO     connecting 3g.ifeng.com:80
2016-02-05 20:45:58 INFO     connecting s1.mimg.ifeng.com:80
2016-02-05 20:45:58 INFO     connecting s4.mimg.ifeng.com:80
2016-02-05 20:45:58 INFO     connecting s3.mimg.ifeng.com:80
2016-02-05 20:45:59 INFO     connecting mimg.ifeng.com:80
2016-02-05 20:45:59 INFO     connecting www.zhihu.com:443
2016-02-05 20:46:00 INFO     connecting s2.mimg.ifeng.com:80
2016-02-05 20:46:00 INFO     connecting mimg.ifeng.com:80
2016-02-05 20:46:00 INFO     connecting mimg.ifeng.com:80
2016-02-05 20:46:00 INFO     connecting mimg.ifeng.com:80
2016-02-05 20:46:00 INFO     connecting mimg.ifeng.com:80
2016-02-05 20:46:00 INFO     connecting stadig.ifeng.com:80
2016-02-05 20:46:00 INFO     connecting stadig.ifeng.com:80
2016-02-05 20:46:00 INFO     connecting s3.mimg.ifeng.com:80
2016-02-05 20:46:01 INFO     connecting 3g.ifeng.com:80
2016-02-05 20:46:10 INFO     connecting 3g.ifeng.com:80
2016-02-05 20:46:11 INFO     connecting stadig.ifeng.com:80
2016-02-05 20:46:11 INFO     connecting stadig.ifeng.com:80
2016-02-05 20:46:20 INFO     connecting 3g.ifeng.com:80
2016-02-05 20:46:29 INFO     connecting www.gstatic.com:80
2016-02-05 20:47:28 INFO     connecting clients4.google.com:443
2016-02-05 20:47:29 INFO     connecting www.zhihu.com:443
2016-02-05 20:47:32 INFO     connecting static.zhihu.com:443
2016-02-05 20:47:32 INFO     connecting static.zhihu.com:443
2016-02-05 20:47:32 INFO     connecting static.zhihu.com:443
2016-02-05 20:47:32 INFO     connecting pic1.zhimg.com:443
2016-02-05 20:47:32 INFO     connecting static.zhihu.com:443
2016-02-05 20:47:32 INFO     connecting static.zhihu.com:443
2016-02-05 20:47:33 INFO     connecting pic3.zhimg.com:443
2016-02-05 20:47:33 INFO     connecting pic3.zhimg.com:443
2016-02-05 20:47:33 INFO     connecting pic2.zhimg.com:443
2016-02-05 20:47:33 INFO     connecting pic4.zhimg.com:443
2016-02-05 20:47:33 INFO     connecting pic2.zhimg.com:443
2016-02-05 20:47:33 INFO     connecting pic4.zhimg.com:443
2016-02-05 20:47:33 INFO     connecting pic2.zhimg.com:443
2016-02-05 20:47:33 INFO     connecting zhstatic.zhihu.com:443
2016-02-05 20:47:33 INFO     connecting pic3.zhimg.com:443
2016-02-05 20:47:34 INFO     connecting ssl.google-analytics.com:443
2016-02-05 20:47:35 INFO     connecting zhihu-web-analytics.zhihu.com:443
2016-02-05 20:48:04 INFO     connecting sp1.baidu.com:443
2016-02-05 20:48:57 INFO     connecting www.zhihu.com:443
2016-02-05 20:51:10 INFO     connecting zhihu-web-analytics.zhihu.com:443
2016-02-05 20:51:10 INFO     connecting www.zhihu.com:443
2016-02-05 20:51:10 INFO     connecting clients1.google.com:443
2016-02-05 20:52:11 INFO     connecting ptlogin2.qq.com:80
2016-02-05 20:52:12 INFO     connecting user.qzone.qq.com:80
2016-02-05 20:52:15 INFO     connecting user.qzone.qq.com:80
2016-02-05 20:52:16 INFO     connecting os.qzonestyle.gtimg.cn:80
2016-02-05 20:52:16 INFO     connecting os.qzonestyle.gtimg.cn:80
2016-02-05 20:52:16 INFO     connecting os.qzonestyle.gtimg.cn:80
2016-02-05 20:52:17 INFO     connecting qlogo3.store.qq.com:80
2016-02-05 20:52:17 INFO     connecting qzonestyle.gtimg.cn:80
2016-02-05 20:52:18 INFO     connecting os.qzonestyle.gtimg.cn:80
2016-02-05 20:52:19 INFO     connecting qlogo1.store.qq.com:80
2016-02-05 20:52:19 INFO     connecting qlogo1.store.qq.com:80
2016-02-05 20:52:19 INFO     connecting qzonestyle.gtimg.cn:80
2016-02-05 20:52:19 INFO     connecting qzonestyle.gtimg.cn:80
2016-02-05 20:52:19 INFO     connecting qzonestyle.gtimg.cn:80
2016-02-05 20:52:19 INFO     connecting a4.qpic.cn:80
2016-02-05 20:52:19 INFO     connecting qlogo4.store.qq.com:80
2016-02-05 20:52:19 INFO     connecting qzonestyle.gtimg.cn:80
2016-02-05 20:52:19 INFO     connecting qlogo4.store.qq.com:80
2016-02-05 20:52:20 INFO     connecting qlogo1.store.qq.com:80
2016-02-05 20:52:20 INFO     connecting b173.photo.store.qq.com:80
2016-02-05 20:52:20 INFO     connecting b279.photo.store.qq.com:80
2016-02-05 20:52:20 INFO     connecting b334.photo.store.qq.com:80
2016-02-05 20:52:20 INFO     connecting b172.photo.store.qq.com:80
2016-02-05 20:52:20 INFO     connecting os.i.gtimg.cn:80
2016-02-05 20:52:21 INFO     connecting os.i.gtimg.cn:80
2016-02-05 20:52:21 INFO     connecting os.qzonestyle.gtimg.cn:80
2016-02-05 20:52:21 INFO     connecting os.qzonestyle.gtimg.cn:80
2016-02-05 20:52:21 INFO     connecting os.qzonestyle.gtimg.cn:80
2016-02-05 20:52:22 INFO     connecting os.qzonestyle.gtimg.cn:80
2016-02-05 20:52:22 INFO     connecting os.qzonestyle.gtimg.cn:80
2016-02-05 20:52:22 INFO     connecting b173.photo.store.qq.com:80
2016-02-05 20:52:22 INFO     connecting b333.photo.store.qq.com:80
2016-02-05 20:52:22 INFO     connecting qlogo4.store.qq.com:80
2016-02-05 20:52:22 INFO     connecting qlogo3.store.qq.com:80
2016-02-05 20:52:22 INFO     connecting qlogo1.store.qq.com:80
2016-02-05 20:52:22 INFO     connecting qlogo3.store.qq.com:80
2016-02-05 20:52:23 INFO     connecting qlogo2.store.qq.com:80
2016-02-05 20:52:23 INFO     connecting qlogo1.store.qq.com:80
2016-02-05 20:52:23 INFO     connecting os.qzonestyle.gtimg.cn:80
2016-02-05 20:52:24 INFO     connecting os.qzonestyle.gtimg.cn:80
2016-02-05 20:52:24 INFO     connecting os.qzonestyle.gtimg.cn:80
2016-02-05 20:52:24 INFO     connecting qlogo4.store.qq.com:80
2016-02-05 20:52:24 INFO     connecting qlogo3.store.qq.com:80
2016-02-05 20:52:24 INFO     connecting qlogo2.store.qq.com:80
2016-02-05 20:52:24 INFO     connecting qlogo4.store.qq.com:80
2016-02-05 20:52:24 INFO     connecting qlogo2.store.qq.com:80
2016-02-05 20:52:24 INFO     connecting qlogo3.store.qq.com:80
2016-02-05 20:52:24 INFO     connecting qlogo4.store.qq.com:80
2016-02-05 20:52:24 INFO     connecting qlogo2.store.qq.com:80
2016-02-05 20:52:24 INFO     connecting qlogo1.store.qq.com:80
2016-02-05 20:52:24 INFO     connecting os.qzonestyle.gtimg.cn:80
2016-02-05 20:52:24 INFO     connecting os.qzonestyle.gtimg.cn:80
2016-02-05 20:52:25 INFO     connecting os.qzonestyle.gtimg.cn:80
2016-02-05 20:52:25 INFO     connecting os.qzonestyle.gtimg.cn:80
2016-02-05 20:52:25 INFO     connecting os.qzonestyle.gtimg.cn:80
2016-02-05 20:52:25 INFO     connecting os.qzonestyle.gtimg.cn:80
2016-02-05 20:52:25 INFO     connecting qlogo1.store.qq.com:80
2016-02-05 20:52:25 INFO     connecting qlogo2.store.qq.com:80
2016-02-05 20:52:25 INFO     connecting a1.qpic.cn:80
2016-02-05 20:52:25 INFO     connecting os.qzonestyle.gtimg.cn:80
2016-02-05 20:52:26 INFO     connecting os.qzs.qq.com:80
2016-02-05 20:52:26 INFO     connecting qlogo2.store.qq.com:80
2016-02-05 20:52:26 INFO     connecting i.gtimg.cn:80
2016-02-05 20:52:26 INFO     connecting os.qzonestyle.gtimg.cn:80
2016-02-05 20:52:26 INFO     connecting i.gtimg.cn:80
2016-02-05 20:52:26 INFO     connecting os.qzonestyle.gtimg.cn:80
2016-02-05 20:52:26 INFO     connecting qlogo4.store.qq.com:80
2016-02-05 20:52:26 INFO     connecting qlogo2.store.qq.com:80
2016-02-05 20:52:26 INFO     connecting i.gtimg.cn:80
2016-02-05 20:52:26 INFO     connecting os.qzonestyle.gtimg.cn:80
2016-02-05 20:52:27 INFO     connecting os.qzonestyle.gtimg.cn:80
2016-02-05 20:52:27 INFO     connecting os.qzonestyle.gtimg.cn:80
2016-02-05 20:52:27 INFO     connecting boss.qzone.qq.com:80
2016-02-05 20:52:27 INFO     connecting r.qzone.qq.com:80
2016-02-05 20:52:28 INFO     connecting qzonestyle.gtimg.cn:80
2016-02-05 20:52:28 INFO     connecting qzonestyle.gtimg.cn:80
2016-02-05 20:52:28 INFO     connecting qlogo2.store.qq.com:80
2016-02-05 20:52:28 INFO     connecting i.gtimg.cn:80
2016-02-05 20:52:28 INFO     connecting i.gtimg.cn:80
2016-02-05 20:52:28 INFO     connecting i.gtimg.cn:80
2016-02-05 20:52:28 INFO     connecting os.qzonestyle.gtimg.cn:80
2016-02-05 20:52:29 INFO     connecting os.qzonestyle.gtimg.cn:80
2016-02-05 20:52:29 INFO     connecting os.qzonestyle.gtimg.cn:80
2016-02-05 20:52:29 INFO     connecting os.qzonestyle.gtimg.cn:80
2016-02-05 20:52:29 INFO     connecting qlogo3.store.qq.com:80
2016-02-05 20:52:29 INFO     connecting qlogo1.store.qq.com:80
2016-02-05 20:52:29 INFO     connecting qlogo1.store.qq.com:80
2016-02-05 20:52:29 INFO     connecting qlogo3.store.qq.com:80
2016-02-05 20:52:29 INFO     connecting os.qzs.qq.com:80
2016-02-05 20:52:29 INFO     connecting os.qzonestyle.gtimg.cn:80
2016-02-05 20:52:29 INFO     connecting os.qzonestyle.gtimg.cn:80
2016-02-05 20:52:29 INFO     connecting ossweb-img.qq.com:80
2016-02-05 20:52:30 INFO     connecting os.qzonestyle.gtimg.cn:80
2016-02-05 20:52:30 INFO     connecting os.qzs.qq.com:80
2016-02-05 20:52:30 INFO     connecting qzonestyle.gtimg.cn:80
2016-02-05 20:52:30 INFO     connecting qzonestyle.gtimg.cn:80
2016-02-05 20:52:30 INFO     connecting os.qzonestyle.gtimg.cn:80
2016-02-05 20:52:31 INFO     connecting os.qzonestyle.gtimg.cn:80
2016-02-05 20:52:31 INFO     connecting i.gtimg.cn:80
2016-02-05 20:52:31 INFO     connecting os.qzonestyle.gtimg.cn:80
2016-02-05 20:52:31 INFO     connecting a3.qpic.cn:80
2016-02-05 20:52:31 INFO     connecting a4.qpic.cn:80
2016-02-05 20:52:31 INFO     connecting a4.qpic.cn:80
2016-02-05 20:52:31 INFO     connecting a2.qpic.cn:80
2016-02-05 20:52:32 INFO     connecting a1.qpic.cn:80
2016-02-05 20:52:32 INFO     connecting a3.qpic.cn:80
2016-02-05 20:52:32 INFO     connecting a1.qpic.cn:80
2016-02-05 20:52:32 INFO     connecting a2.qpic.cn:80
2016-02-05 20:52:33 INFO     connecting qlogo3.store.qq.com:80
2016-02-05 20:52:33 INFO     connecting qlogo2.store.qq.com:80
2016-02-05 20:52:34 INFO     connecting qlogo2.store.qq.com:80
2016-02-05 20:52:34 INFO     connecting qlogo4.store.qq.com:80
2016-02-05 20:52:34 INFO     connecting qlogo3.store.qq.com:80
2016-02-05 20:52:34 INFO     connecting qlogo4.store.qq.com:80
2016-02-05 20:52:34 INFO     connecting qlogo4.store.qq.com:80
2016-02-05 20:52:34 INFO     connecting os.qzonestyle.gtimg.cn:80
2016-02-05 20:52:35 INFO     connecting g.qzone.qq.com:80
2016-02-05 20:52:35 INFO     connecting os.qzs.qq.com:80
2016-02-05 20:52:35 INFO     connecting os.qzonestyle.gtimg.cn:80
2016-02-05 20:52:35 INFO     connecting os.qzonestyle.gtimg.cn:80
2016-02-05 20:52:35 INFO     connecting statistic.qzone.qq.com:80
2016-02-05 20:52:35 INFO     connecting os.qzonestyle.gtimg.cn:80
2016-02-05 20:52:36 INFO     connecting qlogo2.store.qq.com:80
2016-02-05 20:52:36 INFO     connecting qlogo3.store.qq.com:80
2016-02-05 20:52:36 INFO     connecting os.qzonestyle.gtimg.cn:80
2016-02-05 20:52:36 INFO     connecting os.qzonestyle.gtimg.cn:80
2016-02-05 20:52:36 INFO     connecting os.qzonestyle.gtimg.cn:80
2016-02-05 20:52:36 INFO     connecting os.qzonestyle.gtimg.cn:80
2016-02-05 20:52:37 INFO     connecting qlogo1.store.qq.com:80
2016-02-05 20:52:37 INFO     connecting a1.qpic.cn:80
2016-02-05 20:52:37 INFO     connecting qlogo1.store.qq.com:80
2016-02-05 20:52:37 INFO     connecting qlogo1.store.qq.com:80
2016-02-05 20:52:38 INFO     connecting qlogo2.store.qq.com:80
2016-02-05 20:52:38 INFO     connecting qlogo1.store.qq.com:80
2016-02-05 20:52:38 INFO     connecting qlogo3.store.qq.com:80
2016-02-05 20:52:38 INFO     connecting b345.photo.store.qq.com:80
2016-02-05 20:52:38 INFO     connecting qlogo1.store.qq.com:80
2016-02-05 20:52:39 INFO     connecting qlogo3.store.qq.com:80
2016-02-05 20:52:39 INFO     connecting qlogo3.store.qq.com:80
2016-02-05 20:52:39 INFO     connecting qlogo3.store.qq.com:80
2016-02-05 20:52:40 INFO     connecting qlogo1.store.qq.com:80
2016-02-05 20:52:40 INFO     connecting qlogo4.store.qq.com:80
2016-02-05 20:52:40 INFO     connecting qlogo1.store.qq.com:80
2016-02-05 20:52:41 INFO     connecting qlogo2.store.qq.com:80
2016-02-05 20:52:43 INFO     connecting qlogo2.store.qq.com:80
2016-02-05 20:52:43 INFO     connecting qzonestyle.gtimg.cn:80
2016-02-05 20:52:43 INFO     connecting qzonestyle.gtimg.cn:80
2016-02-05 20:52:44 INFO     connecting pgdt.gtimg.cn:80
2016-02-05 20:52:44 INFO     connecting pgdt.gtimg.cn:80
2016-02-05 20:52:44 INFO     connecting analy.qq.com:80
2016-02-05 20:52:45 INFO     connecting i.gtimg.cn:80
2016-02-05 20:52:45 INFO     connecting i.gtimg.cn:80
2016-02-05 20:52:46 INFO     connecting i.gtimg.cn:80
2016-02-05 20:52:46 INFO     connecting os.qzonestyle.gtimg.cn:80
2016-02-05 20:52:46 INFO     connecting os.qzonestyle.gtimg.cn:80
2016-02-05 20:52:46 INFO     connecting boss.qzone.qq.com:80
2016-02-05 20:52:47 INFO     connecting os.qzonestyle.gtimg.cn:80
2016-02-05 20:52:47 INFO     connecting os.qzonestyle.gtimg.cn:80
2016-02-05 20:52:51 INFO     connecting analy.qzone.qq.com:80
2016-02-05 20:52:53 INFO     connecting qzonestyle.gtimg.cn:80
2016-02-05 20:52:53 INFO     connecting statistic.qzone.qq.com:80
2016-02-05 20:52:53 INFO     connecting analy.qq.com:80
2016-02-05 20:52:53 INFO     connecting os.qzonestyle.gtimg.cn:80
2016-02-05 20:52:53 INFO     connecting boss.qzone.qq.com:80
2016-02-05 20:52:53 INFO     connecting os.qzonestyle.gtimg.cn:80
2016-02-05 20:52:53 INFO     connecting os.qzonestyle.gtimg.cn:80
2016-02-05 20:52:53 INFO     connecting statistic.qzone.qq.com:80
2016-02-05 20:52:53 INFO     connecting user.qzone.qq.com:80
2016-02-05 20:52:55 INFO     connecting os.qzonestyle.gtimg.cn:80
2016-02-05 20:52:55 INFO     connecting os.qzonestyle.gtimg.cn:80
2016-02-05 20:52:55 INFO     connecting b346.photo.store.qq.com:80
2016-02-05 20:52:56 INFO     connecting b346.photo.store.qq.com:80
2016-02-05 20:52:56 INFO     connecting b367.photo.store.qq.com:80
2016-02-05 20:52:57 INFO     connecting b346.photo.store.qq.com:80
2016-02-05 20:52:57 INFO     connecting b343.photo.store.qq.com:80
2016-02-05 20:52:57 INFO     connecting pinghot.qq.com:80
2016-02-05 20:52:58 INFO     connecting pingfore.qq.com:80
2016-02-05 20:53:02 INFO     connecting g.qzone.qq.com:80
2016-02-05 20:53:03 INFO     connecting ic2.s8.qzone.qq.com:80
2016-02-05 20:53:07 INFO     connecting taotao.qzone.qq.com:80
2016-02-05 20:53:10 INFO     connecting qlogo3.store.qq.com:80
2016-02-05 20:53:10 INFO     connecting qlogo4.store.qq.com:80
2016-02-05 20:53:10 INFO     connecting qlogo4.store.qq.com:80
2016-02-05 20:53:10 INFO     connecting qlogo4.store.qq.com:80
2016-02-05 20:53:10 INFO     connecting qlogo4.store.qq.com:80
2016-02-05 20:53:10 INFO     connecting qlogo4.store.qq.com:80
2016-02-05 20:53:30 INFO     connecting os.qzonestyle.gtimg.cn:80
2016-02-05 20:53:30 INFO     connecting os.qzonestyle.gtimg.cn:80
2016-02-05 20:53:34 INFO     connecting qzonestyle.gtimg.cn:80
2016-02-05 20:53:34 INFO     connecting statistic.qzone.qq.com:80
2016-02-05 20:53:35 INFO     connecting b115.photo.store.qq.com:80
2016-02-05 20:53:35 INFO     connecting statistic.qzone.qq.com:80
2016-02-05 20:53:35 INFO     connecting statistic.qzone.qq.com:80
2016-02-05 20:53:35 INFO     connecting statistic.qzone.qq.com:80
2016-02-05 20:53:35 INFO     connecting statistic.qzone.qq.com:80
2016-02-05 20:53:35 INFO     connecting b344.photo.store.qq.com:80
2016-02-05 20:53:40 INFO     connecting g.qzone.qq.com:80
2016-02-05 20:53:44 INFO     connecting ic2.s8.qzone.qq.com:80
2016-02-05 20:53:44 INFO     connecting os.qzonestyle.gtimg.cn:80
2016-02-05 20:53:46 INFO     connecting os.qzonestyle.gtimg.cn:80
2016-02-05 20:53:48 INFO     connecting appic.qq.com:80
2016-02-05 20:53:49 INFO     connecting c.isdspeed.qq.com:80
2016-02-05 20:54:00 INFO     connecting www.google.com:443
2016-02-05 20:54:00 INFO     connecting www.google.com:443
2016-02-05 20:54:03 INFO     connecting github.com:443
2016-02-05 20:54:03 INFO     connecting 0.gravatar.com:443
2016-02-05 20:54:06 INFO     connecting i2.wp.com:443
2016-02-05 20:54:08 INFO     connecting github.com:443
2016-02-05 20:54:08 INFO     connecting collector.githubapp.com:443
2016-02-05 20:54:08 INFO     connecting clients1.google.com:443
2016-02-05 20:54:09 INFO     connecting www.google-analytics.com:443
2016-02-05 20:54:09 INFO     connecting api.github.com:443
2016-02-05 20:55:57 INFO     connecting plus.google.com:443
2016-02-05 20:56:03 INFO     connecting csi.gstatic.com:443
2016-02-05 20:56:17 INFO     connecting n4l.pw:443
2016-02-05 20:56:23 INFO     connecting cdn.bootcss.com:443
2016-02-05 20:56:23 INFO     connecting cn.gravatar.com:443
2016-02-05 20:56:33 INFO     connecting www.google.com:443
2016-02-05 20:56:33 INFO     connecting www.google.com:443
2016-02-05 20:56:41 INFO     connecting github.com:443
2016-02-05 20:56:41 INFO     connecting ooo.0o0.ooo:443
2016-02-05 21:57:20 INFO     connecting 1.na.dl.wireshark.org:443
2016-02-05 21:57:41 INFO     connecting clients1.google.com:443
